
^D
> docs@0.0.0 build
> storybook build --docs

[1G[0K[1m@storybook/cli v7.6.20[22m
[1m[22m
[32minfo[0m[35m[0m => Cleaning outputDir: [36m/storybook-static[39m
[0m[32minfo[0m[35m[0m => Loading presets
[0m[32minfo[0m[35m[0m => Building manager..
[0m[32minfo[0m[35m[0m => Manager built ([38;2;181;126;229m60 ms[39m)
[0m[32minfo[0m[35m[0m => Building preview..
[0m[32minfo[0m[35m[0m => Copying static files: [36m/Users/willtaylor/Developer/design-system-web/node_modules/@storybook/manager/static[39m at [36m/Users/willtaylor/Developer/design-system-web/apps/docs/storybook-static/sb-common-assets[39m
[0m[30;43mWARN[0m[35m[0m No story files found for the specified pattern: [34mstories/*.stories.tsx[39m
[0m[33mThe CJS build of Vite's Node API is deprecated. See https://vitejs.dev/guide/troubleshooting.html#vite-cjs-node-api-deprecated for more details.[39m
[36mvite v5.3.5 [32mbuilding for production...[36m[39m

./sb-common-assets/fonts.css doesn't exist at build time, it will remain unchanged to be resolved at runtime
[2K[1Gtransforming (1) [2miframe.html[22m[2K[1Gtransforming (28) [2m../../node_modules/acorn/dist/acorn.mjs[22m[2K[1Gtransforming (81) [2m../../node_modules/source-map/lib/array-set.js[22m[2K[1Gtransforming (117) [2m../../node_modules/lodash/_createBaseFor.js[22m[2K[1Gtransforming (192) [2m../../node_modules/lodash/stubFalse.js[22m[2K[1Gtransforming (355) [2m../../node_modules/is-typed-array/index.js[22m[2K[1Gtransforming (646) [2m../../node_modules/use-resize-observer/dist/bundle.esm.js[22m[2K[1G[2K[1G../../node_modules/telejson/dist/index.mjs (1413:15): Use of eval in "../../node_modules/telejson/dist/index.mjs" is strongly discouraged as it poses security risks and may cause issues with minification.
[2K[1G../../node_modules/telejson/dist/index.mjs (1416:18): Use of eval in "../../node_modules/telejson/dist/index.mjs" is strongly discouraged as it poses security risks and may cause issues with minification.
[2K[1G[32m✓[39m 666 modules transformed.
[2K[1Grendering chunks (1)...[2K[1Grendering chunks (2)...[2K[1Grendering chunks (3)...[2K[1Grendering chunks (4)...[2K[1Grendering chunks (5)...[2K[1Grendering chunks (6)...[2K[1Grendering chunks (7)...[2K[1Grendering chunks (8)...[2K[1Grendering chunks (9)...[2K[1Grendering chunks (10)...[2K[1Grendering chunks (11)...[2K[1Grendering chunks (12)...[2K[1Grendering chunks (13)...[2K[1Grendering chunks (14)...[2K[1Grendering chunks (15)...[2K[1Grendering chunks (16)...[2K[1Grendering chunks (17)...[2K[1Grendering chunks (18)...[2K[1Grendering chunks (19)...[2K[1Grendering chunks (20)...[2K[1Grendering chunks (21)...[2K[1Grendering chunks (22)...[2K[1Grendering chunks (23)...[2K[1Grendering chunks (24)...[2K[1Grendering chunks (25)...[2K[1G[2K[1Gcomputing gzip size (0)...[2K[1Gcomputing gzip size (1)...[2K[1Gcomputing gzip size (2)...[2K[1Gcomputing gzip size (3)...[2K[1Gcomputing gzip size (4)...[2K[1Gcomputing gzip size (5)...[2K[1Gcomputing gzip size (6)...[2K[1Gcomputing gzip size (7)...[2K[1Gcomputing gzip size (8)...[2K[1Gcomputing gzip size (9)...[2K[1Gcomputing gzip size (10)...[2K[1Gcomputing gzip size (11)...[2K[1Gcomputing gzip size (12)...[2K[1Gcomputing gzip size (13)...[2K[1Gcomputing gzip size (14)...[2K[1Gcomputing gzip size (15)...[2K[1Gcomputing gzip size (16)...[2K[1Gcomputing gzip size (17)...[2K[1Gcomputing gzip size (18)...[2K[1Gcomputing gzip size (19)...[2K[1Gcomputing gzip size (20)...[2K[1Gcomputing gzip size (21)...[2K[1Gcomputing gzip size (22)...[2K[1Gcomputing gzip size (23)...[2K[1Gcomputing gzip size (24)...[2K[1Gcomputing gzip size (25)...[2K[1Gcomputing gzip size (26)...[2K[1G[2mstorybook-static/[22m[32miframe.html                                    [39m[1m[2m 12.70 kB[22m[1m[22m[2m │ gzip:   3.57 kB[22m
[2mstorybook-static/[22m[2massets/[22m[36mpreview-DF-d5FoE.js                     [39m[1m[2m  0.05 kB[22m[1m[22m[2m │ gzip:   0.07 kB[22m
[2mstorybook-static/[22m[2massets/[22m[36mWithTooltip-V3YHNWJZ-BPdyhxdH.js        [39m[1m[2m  0.35 kB[22m[1m[22m[2m │ gzip:   0.23 kB[22m
[2mstorybook-static/[22m[2massets/[22m[36msyntaxhighlighter-MJWPISIS-DjFZnNFg.js  [39m[1m[2m  0.36 kB[22m[1m[22m[2m │ gzip:   0.25 kB[22m
[2mstorybook-static/[22m[2massets/[22m[36mindex-B7LTuyD5.js                       [39m[1m[2m  0.40 kB[22m[1m[22m[2m │ gzip:   0.27 kB[22m
[2mstorybook-static/[22m[2massets/[22m[36mpreview-CJZv41GV.js                     [39m[1m[2m  0.55 kB[22m[1m[22m[2m │ gzip:   0.36 kB[22m
[2mstorybook-static/[22m[2massets/[22m[36mpreview-BJPLiuSt.js                     [39m[1m[2m  0.64 kB[22m[1m[22m[2m │ gzip:   0.45 kB[22m
[2mstorybook-static/[22m[2massets/[22m[36mindex-DrFu-skq.js                       [39m[1m[2m  0.77 kB[22m[1m[22m[2m │ gzip:   0.47 kB[22m
[2mstorybook-static/[22m[2massets/[22m[36mpreview-Cv3rAi2i.js                     [39m[1m[2m  0.86 kB[22m[1m[22m[2m │ gzip:   0.55 kB[22m
[2mstorybook-static/[22m[2massets/[22m[36mpreview-BceXbOCv.js                     [39m[1m[2m  1.02 kB[22m[1m[22m[2m │ gzip:   0.64 kB[22m
[2mstorybook-static/[22m[2massets/[22m[36mentry-preview-DBjkrx-c.js               [39m[1m[2m  1.08 kB[22m[1m[22m[2m │ gzip:   0.63 kB[22m
[2mstorybook-static/[22m[2massets/[22m[36mindex-D-8MO0q_.js                       [39m[1m[2m  2.58 kB[22m[1m[22m[2m │ gzip:   1.26 kB[22m
[2mstorybook-static/[22m[2massets/[22m[36mpreview-BcxrGG1y.js                     [39m[1m[2m  3.19 kB[22m[1m[22m[2m │ gzip:   1.37 kB[22m
[2mstorybook-static/[22m[2massets/[22m[36miframe-CA97Qblp.js                      [39m[1m[2m  3.98 kB[22m[1m[22m[2m │ gzip:   1.66 kB[22m
[2mstorybook-static/[22m[2massets/[22m[36mText.stories-B-e-cfgx.js                [39m[1m[2m  4.54 kB[22m[1m[22m[2m │ gzip:   0.97 kB[22m
[2mstorybook-static/[22m[2massets/[22m[36mpreview-BEBQg86I.js                     [39m[1m[2m  5.18 kB[22m[1m[22m[2m │ gzip:   2.37 kB[22m
[2mstorybook-static/[22m[2massets/[22m[36mpreview-BAz7FMXc.js                     [39m[1m[2m  7.62 kB[22m[1m[22m[2m │ gzip:   1.56 kB[22m
[2mstorybook-static/[22m[2massets/[22m[36mindex-uubelm5h.js                       [39m[1m[2m  7.81 kB[22m[1m[22m[2m │ gzip:   3.08 kB[22m
[2mstorybook-static/[22m[2massets/[22m[36mpreview-Db4Idchh.js                     [39m[1m[2m  8.11 kB[22m[1m[22m[2m │ gzip:   3.09 kB[22m
[2mstorybook-static/[22m[2massets/[22m[36mColor-6VNJS4EI-DG1IOejX.js              [39m[1m[2m 30.96 kB[22m[1m[22m[2m │ gzip:  11.72 kB[22m
[2mstorybook-static/[22m[2massets/[22m[36mindex-Cm75P-FD.js                       [39m[1m[2m 42.69 kB[22m[1m[22m[2m │ gzip:  14.37 kB[22m
[2mstorybook-static/[22m[2massets/[22m[36mreact-16-CPrtnIAu.js                    [39m[1m[2m134.08 kB[22m[1m[22m[2m │ gzip:  43.20 kB[22m
[2mstorybook-static/[22m[2massets/[22m[36m_getPrototype-ebmZHAaV.js               [39m[1m[2m141.62 kB[22m[1m[22m[2m │ gzip:  43.40 kB[22m
[2mstorybook-static/[22m[2massets/[22m[36mentry-preview-docs-Bu4dgYnD.js          [39m[1m[2m213.03 kB[22m[1m[22m[2m │ gzip:  66.81 kB[22m
[2mstorybook-static/[22m[2massets/[22m[36mDocsRenderer-NNNQARDV-BSb77NdX.js       [39m[1m[33m542.87 kB[39m[22m[2m │ gzip: 178.25 kB[22m
[2mstorybook-static/[22m[2massets/[22m[36mformatter-SWP5E3XI-CEKpyo9o.js          [39m[1m[33m601.53 kB[39m[22m[2m │ gzip: 186.19 kB[22m
[33m
(!) Some chunks are larger than 500 kB after minification. Consider:
- Using dynamic import() to code-split the application
- Use build.rollupOptions.output.manualChunks to improve chunking: https://rollupjs.org/configuration-options/#output-manualchunks
- Adjust chunk size limit for this warning via build.chunkSizeWarningLimit.[39m
[32m✓ built in 2.20s[39m
[32minfo[0m[35m[0m => Preview built ([38;2;181;126;229m2.88 s[39m)
[0m[32minfo[0m[35m[0m => Output directory: /Users/willtaylor/Developer/design-system-web/apps/docs/storybook-static
[0m[1G[0K⠙[1G[0K
