
^D
> @willtaylor-zoe/ds@0.0.0 build
> tsup

[1G[0K[34mCLI[39m Building entry: src/index.ts
[34mCLI[39m Using tsconfig: tsconfig.json
[34mCLI[39m tsup v8.2.3
[34mCLI[39m Using tsup config: /Users/willtaylor/Developer/design-system-web/packages/design-system/tsup.config.ts
[34mCLI[39m Target: es6
[34mCJS[39m Build start
[34mESM[39m Build start
[32mESM[39m [1mdist/index.mjs     [22m[32m12.14 KB[39m
[32mESM[39m [1mdist/index.mjs.map [22m[32m14.71 KB[39m
[32mESM[39m ⚡️ Build success in 10ms
[32mCJS[39m [1mdist/index.js     [22m[32m14.39 KB[39m
[32mCJS[39m [1mdist/index.js.map [22m[32m14.93 KB[39m
[32mCJS[39m ⚡️ Build success in 10ms
[34mDTS[39m Build start
[32mDTS[39m ⚡️ Build success in 825ms
[32mDTS[39m [1mdist/index.d.ts  [22m[32m2.68 KB[39m
[32mDTS[39m [1mdist/index.d.mts [22m[32m2.68 KB[39m
[1G[0K⠙[1G[0K
